{"meta": {"format": 3, "version": "7.13.5", "timestamp": "2026-04-09T07:45:51.969027", "branch_coverage": false, "show_contexts": false}, "files": {"backend\\__init__.py": {"executed_lines": [], "summary": {"covered_lines": 0, "num_statements": 0, "percent_covered": 100.0, "percent_covered_display": "100", "missing_lines": 0, "excluded_lines": 0, "percent_statements_covered": 100.0, "percent_statements_covered_display": "100"}, "missing_lines": [], "excluded_lines": [], "functions": {"": {"executed_lines": [], "summary": {"covered_lines": 0, "num_statements": 0, "percent_covered": 100.0, "percent_covered_display": "100", "missing_lines": 0, "excluded_lines": 0, "percent_statements_covered": 100.0, "percent_statements_covered_display": "100"}, "missing_lines": [], "excluded_lines": [], "start_line": 1}}, "classes": {"": {"executed_lines": [], "summary": {"covered_lines": 0, "num_statements": 0, "percent_covered": 100.0, "percent_covered_display": "100", "missing_lines": 0, "excluded_lines": 0, "percent_statements_covered": 100.0, "percent_statements_covered_display": "100"}, "missing_lines": [], "excluded_lines": [], "start_line": 1}}}, "backend\\app.py": {"executed_lines": [1, 2, 3, 4, 5, 7, 10, 14, 15, 18, 21, 24, 25, 28], "summary": {"covered_lines": 14, "num_statements": 16, "percent_covered": 87.5, "percent_covered_display": "88", "missing_lines": 2, "excluded_lines": 0, "percent_statements_covered": 87.5, "percent_statements_covered_display": "88"}, "missing_lines": [29, 30], "excluded_lines": [], "functions": {"": {"executed_lines": [1, 2, 3, 4, 5, 7, 10, 14, 15, 18, 21, 24, 25, 28], "summary": {"covered_lines": 14, "num_statements": 16, "percent_covered": 87.5, "percent_covered_display": "88", "missing_lines": 2, "excluded_lines": 0, "percent_statements_covered": 87.5, "percent_statements_covered_display": "88"}, "missing_lines": [29, 30], "excluded_lines": [], "start_line": 1}}, "classes": {"": {"executed_lines": [1, 2, 3, 4, 5, 7, 10, 14, 15, 18, 21, 24, 25, 28], "summary": {"covered_lines": 14, "num_statements": 16, "percent_covered": 87.5, "percent_covered_display": "88", "missing_lines": 2, "excluded_lines": 0, "percent_statements_covered": 87.5, "percent_statements_covered_display": "88"}, "missing_lines": [29, 30], "excluded_lines": [], "start_line": 1}}}, "backend\\models.py": {"executed_lines": [1, 3, 5, 6, 7, 8], "summary": {"covered_lines": 6, "num_statements": 6, "percent_covered": 100.0, "percent_covered_display": "100", "missing_lines": 0, "excluded_lines": 0, "percent_statements_covered": 100.0, "percent_statements_covered_display": "100"}, "missing_lines": [], "excluded_lines": [], "functions": {"": {"executed_lines": [1, 3, 5, 6, 7, 8], "summary": {"covered_lines": 6, "num_statements": 6, "percent_covered": 100.0, "percent_covered_display": "100", "missing_lines": 0, "excluded_lines": 0, "percent_statements_covered": 100.0, "percent_statements_covered_display": "100"}, "missing_lines": [], "excluded_lines": [], "start_line": 1}}, "classes": {"Task": {"executed_lines": [], "summary": {"covered_lines": 0, "num_statements": 0, "percent_covered": 100.0, "percent_covered_display": "100", "missing_lines": 0, "excluded_lines": 0, "percent_statements_covered": 100.0, "percent_statements_covered_display": "100"}, "missing_lines": [], "excluded_lines": [], "start_line": 5}, "": {"executed_lines": [1, 3, 5, 6, 7, 8], "summary": {"covered_lines": 6, "num_statements": 6, "percent_covered": 100.0, "percent_covered_display": "100", "missing_lines": 0, "excluded_lines": 0, "percent_statements_covered": 100.0, "percent_statements_covered_display": "100"}, "missing_lines": [], "excluded_lines": [], "start_line": 1}}}, "backend\\routes\\tasks.py": {"executed_lines": [1, 2, 4, 7, 8, 12, 13, 14, 15, 22, 23, 39, 40, 44, 45, 61, 62, 77, 78, 91, 92], "summary": {"covered_lines": 21, "num_statements": 53, "percent_covered": 39.62264150943396, "percent_covered_display": "40", "missing_lines": 32, "excluded_lines": 0, "percent_statements_covered": 39.62264150943396, "percent_statements_covered_display": "40"}, "missing_lines": [9, 24, 25, 26, 28, 29, 30, 32, 41, 46, 47, 48, 50, 51, 52, 54, 63, 64, 65, 67, 68, 70, 79, 80, 82, 83, 93, 94, 95, 97, 98, 100], "excluded_lines": [], "functions": {"preflight_root": {"executed_lines": [], "summary": {"covered_lines": 0, "num_statements": 1, "percent_covered": 0.0, "percent_covered_display": "0", "missing_lines": 1, "excluded_lines": 0, "percent_statements_covered": 0.0, "percent_statements_covered_display": "0"}, "missing_lines": [9], "excluded_lines": [], "start_line": 8}, "listar_tarefas": {"executed_lines": [14, 15], "summary": {"covered_lines": 2, "num_statements": 2, "percent_covered": 100.0, "percent_covered_display": "100", "missing_lines": 0, "excluded_lines": 0, "percent_statements_covered": 100.0, "percent_statements_covered_display": "100"}, "missing_lines": [], "excluded_lines": [], "start_line": 13}, "adicionar_tarefa": {"executed_lines": [], "summary": {"covered_lines": 0, "num_statements": 7, "percent_covered": 0.0, "percent_covered_display": "0", "missing_lines": 7, "excluded_lines": 0, "percent_statements_covered": 0.0, "percent_statements_covered_display": "0"}, "missing_lines": [24, 25, 26, 28, 29, 30, 32], "excluded_lines": [], "start_line": 23}, "preflight_com_id": {"executed_lines": [], "summary": {"covered_lines": 0, "num_statements": 1, "percent_covered": 0.0, "percent_covered_display": "0", "missing_lines": 1, "excluded_lines": 0, "percent_statements_covered": 0.0, "percent_statements_covered_display": "0"}, "missing_lines": [41], "excluded_lines": [], "start_line": 40}, "editar_tarefa": {"executed_lines": [], "summary": {"covered_lines": 0, "num_statements": 7, "percent_covered": 0.0, "percent_covered_display": "0", "missing_lines": 7, "excluded_lines": 0, "percent_statements_covered": 0.0, "percent_statements_covered_display": "0"}, "missing_lines": [46, 47, 48, 50, 51, 52, 54], "excluded_lines": [], "start_line": 45}, "concluir_tarefa": {"executed_lines": [], "summary": {"covered_lines": 0, "num_statements": 6, "percent_covered": 0.0, "percent_covered_display": "0", "missing_lines": 6, "excluded_lines": 0, "percent_statements_covered": 0.0, "percent_statements_covered_display": "0"}, "missing_lines": [63, 64, 65, 67, 68, 70], "excluded_lines": [], "start_line": 62}, "voltar_tarefa": {"executed_lines": [], "summary": {"covered_lines": 0, "num_statements": 4, "percent_covered": 0.0, "percent_covered_display": "0", "missing_lines": 4, "excluded_lines": 0, "percent_statements_covered": 0.0, "percent_statements_covered_display": "0"}, "missing_lines": [79, 80, 82, 83], "excluded_lines": [], "start_line": 78}, "excluir_tarefa": {"executed_lines": [], "summary": {"covered_lines": 0, "num_statements": 6, "percent_covered": 0.0, "percent_covered_display": "0", "missing_lines": 6, "excluded_lines": 0, "percent_statements_covered": 0.0, "percent_statements_covered_display": "0"}, "missing_lines": [93, 94, 95, 97, 98, 100], "excluded_lines": [], "start_line": 92}, "": {"executed_lines": [1, 2, 4, 7, 8, 12, 13, 22, 23, 39, 40, 44, 45, 61, 62, 77, 78, 91, 92], "summary": {"covered_lines": 19, "num_statements": 19, "percent_covered": 100.0, "percent_covered_display": "100", "missing_lines": 0, "excluded_lines": 0, "percent_statements_covered": 100.0, "percent_statements_covered_display": "100"}, "missing_lines": [], "excluded_lines": [], "start_line": 1}}, "classes": {"": {"executed_lines": [1, 2, 4, 7, 8, 12, 13, 14, 15, 22, 23, 39, 40, 44, 45, 61, 62, 77, 78, 91, 92], "summary": {"covered_lines": 21, "num_statements": 53, "percent_covered": 39.62264150943396, "percent_covered_display": "40", "missing_lines": 32, "excluded_lines": 0, "percent_statements_covered": 39.62264150943396, "percent_statements_covered_display": "40"}, "missing_lines": [9, 24, 25, 26, 28, 29, 30, 32, 41, 46, 47, 48, 50, 51, 52, 54, 63, 64, 65, 67, 68, 70, 79, 80, 82, 83, 93, 94, 95, 97, 98, 100], "excluded_lines": [], "start_line": 1}}}}, "totals": {"covered_lines": 41, "num_statements": 75, "percent_covered": 54.666666666666664, "percent_covered_display": "55", "missing_lines": 34, "excluded_lines": 0, "percent_statements_covered": 54.666666666666664, "percent_statements_covered_display": "55"}}