<?xml version="1.0" encoding="UTF-8"?>
<robot generator="Robot 7.2.2 (Python 3.12.2 on win32)" generated="2025-04-16T15:41:17.907743" rpa="false" schemaversion="5">
<suite id="s1" name="Tarefas" source="c:\Users\User\Desktop\Todo-Fullstack\tests\robot\tarefas.robot">
<test id="s1-t1" name="Inserir e validar tarefa" line="11">
<kw name="Abrir o navegador" owner="tarefas">
<kw name="New Browser" owner="Browser">
<msg time="2025-04-16T15:41:18.796807" level="INFO">{"browser": "chromium", "headless": false, "chromiumSandbox": false, "devtools": false, "handleSIGHUP": true, "handleSIGINT": true, "handleSIGTERM": true, "slowMo": 0.0, "timeout": 30000.0, "tracesDir": "C:\\Users\\User\\Desktop\\Todo-Fullstack\\browser\\traces\\temp\\c3ecfe83-b264-442c-801d-129c24f34838"}</msg>
<msg time="2025-04-16T15:41:18.935280" level="INFO">Starting Browser process C:\Python312\Lib\site-packages\Browser\wrapper\index.js using port 60922</msg>
<msg time="2025-04-16T15:41:18.936280" level="INFO">Node startup parameters: ['node', 'C:\\Python312\\Lib\\site-packages\\Browser\\wrapper\\index.js', '60922']</msg>
<msg time="2025-04-16T15:41:22.767305" level="INFO">Successfully created browser with options: {"browser":"chromium","headless":false,"chromiumSandbox":false,"devtools":false,"handleSIGHUP":true,"handleSIGINT":true,"handleSIGTERM":true,"slowMo":0,"timeout":30000,"tracesDir":"C:\\Users\\User\\Desktop\\Todo-Fullstack\\browser\\traces\\temp\\c3ecfe83-b264-442c-801d-129c24f34838"}</msg>
<arg>headless=${False}</arg>
<tag>BrowserControl</tag>
<tag>Setter</tag>
<doc>Create a new playwright Browser with specified options.</doc>
<status status="PASS" start="2025-04-16T15:41:18.782640" elapsed="3.985664"/>
</kw>
<kw name="New Context" owner="Browser">
<msg time="2025-04-16T15:41:22.773304" level="INFO">{
  "acceptDownloads": true,
  "bypassCSP": false,
  "forcedColors": "none",
  "ignoreHTTPSErrors": false,
  "javaScriptEnabled": true,
  "offline": false,
  "reducedMotion": "no-preference",
  "serviceWorkers": "allow",
  "viewport": {
    "height": 720,
    "width": 1280
  }
}</msg>
<msg time="2025-04-16T15:41:22.855304" level="INFO">Successfully created context. </msg>
<msg time="2025-04-16T15:41:22.856313" level="INFO">{'acceptDownloads': True, 'bypassCSP': False, 'forcedColors': 'none', 'ignoreHTTPSErrors': False, 'javaScriptEnabled': True, 'offline': False, 'reducedMotion': 'no-preference', 'serviceWorkers': 'allow', 'viewport': {'height': 720, 'width': 1280}}</msg>
<tag>BrowserControl</tag>
<tag>Setter</tag>
<doc>Create a new BrowserContext with specified options.</doc>
<status status="PASS" start="2025-04-16T15:41:22.769306" elapsed="0.087996"/>
</kw>
<status status="PASS" start="2025-04-16T15:41:18.767227" elapsed="4.091082"/>
</kw>
<kw name="Abrir a página todo-list" owner="tarefas">
<kw name="New Page" owner="Browser">
<msg time="2025-04-16T15:41:24.790191" level="INFO">Successfully initialized new page object and opened url: https://jessica-os.github.io/todo-fullstack/</msg>
<arg>${URL}</arg>
<tag>BrowserControl</tag>
<tag>Setter</tag>
<doc>Open a new Page.</doc>
<status status="PASS" start="2025-04-16T15:41:22.868310" elapsed="1.921881"/>
</kw>
<kw name="Wait For Elements State" owner="Browser">
<msg time="2025-04-16T15:41:24.895186" level="INFO">Waited for Element with selector h1 at state visible</msg>
<arg>h1</arg>
<arg>visible</arg>
<arg>timeout=5s</arg>
<tag>PageContent</tag>
<tag>Wait</tag>
<doc>Waits for the element found by ``selector`` to satisfy state option.</doc>
<status status="PASS" start="2025-04-16T15:41:24.792192" elapsed="0.103988"/>
</kw>
<status status="PASS" start="2025-04-16T15:41:22.866310" elapsed="2.029870"/>
</kw>
<kw name="Inserir nova tarefa" owner="tarefas">
<kw name="Evaluate" owner="BuiltIn">
<msg time="2025-04-16T15:41:24.901183" level="INFO">${rand} = 7232</msg>
<var>${rand}</var>
<arg>random.randint(1000, 9999)</arg>
<arg>modules=random</arg>
<doc>Evaluates the given expression in Python and returns the result.</doc>
<status status="PASS" start="2025-04-16T15:41:24.899180" elapsed="0.002003"/>
</kw>
<kw name="Set Variable" owner="BuiltIn">
<msg time="2025-04-16T15:41:24.903181" level="INFO">${tarefa_unica} = Estudar Cypress 7232</msg>
<var>${tarefa_unica}</var>
<arg>${tarefa} ${rand}</arg>
<doc>Returns the given values which can then be assigned to a variables.</doc>
<status status="PASS" start="2025-04-16T15:41:24.902182" elapsed="0.002003"/>
</kw>
<kw name="Fill Text" owner="Browser">
<msg time="2025-04-16T15:41:24.906185" level="INFO">Fills the text 'Estudar Cypress 7232' in the given field.</msg>
<arg>xpath=//input[@id="nova-tarefa"]</arg>
<arg>${tarefa_unica}</arg>
<tag>PageContent</tag>
<tag>Setter</tag>
<doc>Clears and fills the given ``txt`` into the text field found by ``selector``.</doc>
<status status="PASS" start="2025-04-16T15:41:24.904185" elapsed="0.064002"/>
</kw>
<kw name="Click" owner="Browser">
<msg time="2025-04-16T15:41:24.971182" level="INFO">Clicks the element 'xpath=//button[@id="adicionar-tarefa"]'.</msg>
<arg>xpath=//button[@id="adicionar-tarefa"]</arg>
<tag>PageContent</tag>
<tag>Setter</tag>
<doc>Simulates mouse click on the element found by ``selector``.</doc>
<status status="PASS" start="2025-04-16T15:41:24.969184" elapsed="0.200868"/>
</kw>
<kw name="Wait For Elements State" owner="Browser">
<msg time="2025-04-16T15:41:26.056207" level="INFO">Waited for Element with selector xpath=//ul[@id="lista-tarefas-pendentes"]//li[contains(., "Estudar Cypress 7232")] at state visible</msg>
<arg>xpath=//ul[@id="lista-tarefas-pendentes"]//li[contains(., "${tarefa_unica}")]</arg>
<arg>visible</arg>
<arg>timeout=5s</arg>
<tag>PageContent</tag>
<tag>Wait</tag>
<doc>Waits for the element found by ``selector`` to satisfy state option.</doc>
<status status="PASS" start="2025-04-16T15:41:25.171054" elapsed="0.887155"/>
</kw>
<kw name="Set Suite Variable" owner="BuiltIn">
<msg time="2025-04-16T15:41:26.063208" level="INFO">${TAREFA_ADICIONADA} = Estudar Cypress 7232</msg>
<arg>${TAREFA_ADICIONADA}</arg>
<arg>${tarefa_unica}</arg>
<doc>Makes a variable available everywhere within the scope of the current suite.</doc>
<status status="PASS" start="2025-04-16T15:41:26.060204" elapsed="0.004000"/>
</kw>
<arg>Estudar Cypress</arg>
<status status="PASS" start="2025-04-16T15:41:24.897177" elapsed="1.167027"/>
</kw>
<kw name="Validar tarefa pendente" owner="tarefas">
<kw name="Wait For Elements State" owner="Browser">
<msg time="2025-04-16T15:41:26.097208" level="INFO">Waited for Element with selector xpath=//ul[@id="lista-tarefas-pendentes"]//li[contains(., "Estudar Cypress 7232")] at state visible</msg>
<arg>xpath=//ul[@id="lista-tarefas-pendentes"]//li[contains(., "${TAREFA_ADICIONADA}")]</arg>
<arg>visible</arg>
<arg>timeout=5s</arg>
<tag>PageContent</tag>
<tag>Wait</tag>
<doc>Waits for the element found by ``selector`` to satisfy state option.</doc>
<status status="PASS" start="2025-04-16T15:41:26.068212" elapsed="0.030000"/>
</kw>
<arg>Estudar Cypress</arg>
<status status="PASS" start="2025-04-16T15:41:26.065201" elapsed="0.033011"/>
</kw>
<kw name="Fechar o navegador" owner="tarefas">
<kw name="Close Browser" owner="Browser">
<msg time="2025-04-16T15:41:27.803843" level="INFO">Closed browser</msg>
<tag>BrowserControl</tag>
<tag>Setter</tag>
<doc>Closes the current browser.</doc>
<status status="PASS" start="2025-04-16T15:41:26.107203" elapsed="1.696640"/>
</kw>
<status status="PASS" start="2025-04-16T15:41:26.104204" elapsed="1.700639"/>
</kw>
<doc>Abre o site, insere uma tarefa e verifica se ela aparece em Pendentes.</doc>
<status status="PASS" start="2025-04-16T15:41:18.757231" elapsed="9.050611"/>
</test>
<status status="PASS" start="2025-04-16T15:41:17.939985" elapsed="9.970646"/>
</suite>
<statistics>
<total>
<stat pass="1" fail="0" skip="0">All Tests</stat>
</total>
<tag>
</tag>
<suite>
<stat name="Tarefas" id="s1" pass="1" fail="0" skip="0">Tarefas</stat>
</suite>
</statistics>
<errors>
</errors>
</robot>
