<?xml version="1.0" encoding="UTF-8"?>
<robot generator="Robot 7.2.2 (Python 3.12.2 on win32)" generated="2025-04-22T11:54:20.874202" rpa="false" schemaversion="5">
<suite id="s1" name="Api Tests" source="c:\Users\User\Desktop\Todo-Fullstack\tests\api_tests.robot">
<test id="s1-t1" name="Criar Tarefa" line="16">
<kw name="Create Session" owner="RequestsLibrary">
<msg time="2025-04-22T11:54:22.495855" level="INFO">Creating Session using : alias=todo, url=https://todo-fullstack-orju.onrender.com, headers={},                     cookies={}, auth=None, timeout=None, proxies=None, verify=False,                     debug=0 </msg>
<arg>todo</arg>
<arg>${BASE_URL}</arg>
<doc>Create Session: create a HTTP session to a server</doc>
<status status="PASS" start="2025-04-22T11:54:22.493854" elapsed="0.011998"/>
</kw>
<kw name="Create Dictionary" owner="BuiltIn">
<msg time="2025-04-22T11:54:22.510855" level="INFO">${data} = {'nome': 'Estudar Robot'}</msg>
<var>${data}</var>
<arg>nome=Estudar Robot</arg>
<doc>Creates and returns a dictionary based on the given ``items``.</doc>
<status status="PASS" start="2025-04-22T11:54:22.508856" elapsed="0.001999"/>
</kw>
<kw name="POST On Session" owner="RequestsLibrary">
<msg time="2025-04-22T11:54:22.997223" level="INFO">POST Request : url=https://todo-fullstack-orju.onrender.com/tasks 
 path_url=/tasks 
 headers={'User-Agent': 'python-requests/2.32.3', 'Accept-Encoding': 'gzip, deflate', 'Accept': '*/*', 'Connection': 'keep-alive', 'Content-Length': '25', 'Content-Type': 'application/json'} 
 body=b'{"nome": "Estudar Robot"}' 
 </msg>
<msg time="2025-04-22T11:54:22.998224" level="INFO">POST Response : url=https://todo-fullstack-orju.onrender.com/tasks 
 status=201, reason=Created 
 headers={'Date': 'Tue, 22 Apr 2025 14:54:23 GMT', 'Content-Type': 'application/json', 'Transfer-Encoding': 'chunked', 'Connection': 'keep-alive', 'access-control-allow-origin': '*', 'rndr-id': '317f6784-ef9c-4ab0', 'vary': 'Accept-Encoding', 'x-render-origin-server': 'Werkzeug/3.1.3 Python/3.11.11', 'cf-cache-status': 'DYNAMIC', 'Server': 'cloudflare', 'CF-RAY': '9345f4bfdd1e09d5-SJK', 'alt-svc': 'h3=":443"; ma=86400'} 
 body={"concluida":false,"id":6,"nome":"Estudar Robot"}
 
 </msg>
<msg time="2025-04-22T11:54:22.998224" level="INFO">C:\Python312\Lib\site-packages\urllib3\connectionpool.py:1097: InsecureRequestWarning: Unverified HTTPS request is being made to host 'todo-fullstack-orju.onrender.com'. Adding certificate verification is strongly advised. See: https://urllib3.readthedocs.io/en/latest/advanced-usage.html#tls-warnings
  warnings.warn(</msg>
<msg time="2025-04-22T11:54:22.999219" level="INFO">${response} = &lt;Response [201]&gt;</msg>
<var>${response}</var>
<arg>todo</arg>
<arg>/tasks</arg>
<arg>json=${data}</arg>
<doc>Sends a POST request on a previously created HTTP Session.</doc>
<status status="PASS" start="2025-04-22T11:54:22.514855" elapsed="0.485367"/>
</kw>
<kw name="Log" owner="BuiltIn">
<msg time="2025-04-22T11:54:23.007224" level="INFO">{'concluida': False, 'id': 6, 'nome': 'Estudar Robot'}</msg>
<arg>${response.json()}</arg>
<doc>Logs the given message with the given level.</doc>
<status status="PASS" start="2025-04-22T11:54:23.004217" elapsed="0.004005"/>
</kw>
<kw name="Status Should Be" owner="RequestsLibrary">
<arg>201</arg>
<arg>${response}</arg>
<doc>Fails if response status code is different than the expected.</doc>
<status status="PASS" start="2025-04-22T11:54:23.014220" elapsed="0.000995"/>
</kw>
<kw name="Should Be True" owner="BuiltIn">
<msg time="2025-04-22T11:54:23.024219" level="FAIL">Dictionary '${response.json()}' has no key ''nome''.</msg>
<arg>${response.json()}['nome'] == 'Estudar Robot'</arg>
<doc>Fails if the given condition is not true.</doc>
<status status="FAIL" start="2025-04-22T11:54:23.019219" elapsed="0.007006">Dictionary '${response.json()}' has no key ''nome''.</status>
</kw>
<tag>POST</tag>
<status status="FAIL" start="2025-04-22T11:54:22.490849" elapsed="0.540372">Dictionary '${response.json()}' has no key ''nome''.</status>
</test>
<status status="FAIL" start="2025-04-22T11:54:20.892201" elapsed="2.146186"/>
</suite>
<statistics>
<total>
<stat pass="0" fail="1" skip="0">All Tests</stat>
</total>
<tag>
<stat pass="0" fail="1" skip="0">POST</stat>
</tag>
<suite>
<stat name="Api Tests" id="s1" pass="0" fail="1" skip="0">Api Tests</stat>
</suite>
</statistics>
<errors>
</errors>
</robot>
