<?xml version="1.0" encoding="UTF-8"?>
<robot generator="Robot 7.2.2 (Python 3.12.2 on win32)" generated="2025-04-17T15:14:46.692057" rpa="false" schemaversion="5">
<suite id="s1" name="Tests" source="C:\Users\User\Desktop\Todo-Fullstack\tests">
<suite id="s1-s1" name="Robot" source="C:\Users\User\Desktop\Todo-Fullstack\tests\robot">
<suite id="s1-s1-s1" name="Tarefas" source="C:\Users\User\Desktop\Todo-Fullstack\tests\robot\tarefas.robot">
<test id="s1-s1-s1-t1" name="Inserir e validar tarefa" line="12">
<kw name="Abrir o navegador" owner="tarefas">
<kw name="New Browser" owner="Browser">
<msg time="2025-04-17T15:14:47.395282" level="INFO">{"browser": "chromium", "headless": false, "chromiumSandbox": false, "devtools": false, "handleSIGHUP": true, "handleSIGINT": true, "handleSIGTERM": true, "slowMo": 0.0, "timeout": 30000.0, "tracesDir": "C:\\Users\\User\\Desktop\\Todo-Fullstack\\resultados\\browser\\traces\\temp\\db1849f6-1a53-40c7-a4c0-36cf94f481fd"}</msg>
<msg time="2025-04-17T15:14:47.509287" level="INFO">Starting Browser process C:\Python312\Lib\site-packages\Browser\wrapper\index.js using port 62569</msg>
<msg time="2025-04-17T15:14:47.510292" level="INFO">Node startup parameters: ['node', 'C:\\Python312\\Lib\\site-packages\\Browser\\wrapper\\index.js', '62569']</msg>
<msg time="2025-04-17T15:14:51.693525" level="INFO">Successfully created browser with options: {"browser":"chromium","headless":false,"chromiumSandbox":false,"devtools":false,"handleSIGHUP":true,"handleSIGINT":true,"handleSIGTERM":true,"slowMo":0,"timeout":30000,"tracesDir":"C:\\Users\\User\\Desktop\\Todo-Fullstack\\resultados\\browser\\traces\\temp\\db1849f6-1a53-40c7-a4c0-36cf94f481fd"}</msg>
<arg>headless=${False}</arg>
<tag>BrowserControl</tag>
<tag>Setter</tag>
<doc>Create a new playwright Browser with specified options.</doc>
<status status="PASS" start="2025-04-17T15:14:47.389536" elapsed="4.303989"/>
</kw>
<kw name="New Context" owner="Browser">
<msg time="2025-04-17T15:14:51.700521" level="INFO">{
  "acceptDownloads": true,
  "bypassCSP": false,
  "forcedColors": "none",
  "ignoreHTTPSErrors": false,
  "javaScriptEnabled": true,
  "offline": false,
  "reducedMotion": "no-preference",
  "serviceWorkers": "allow",
  "viewport": {
    "width": 1280,
    "height": 720
  }
}</msg>
<msg time="2025-04-17T15:14:51.851986" level="INFO">Successfully created context. </msg>
<msg time="2025-04-17T15:14:51.851986" level="INFO">{'acceptDownloads': True, 'bypassCSP': False, 'forcedColors': 'none', 'ignoreHTTPSErrors': False, 'javaScriptEnabled': True, 'offline': False, 'reducedMotion': 'no-preference', 'serviceWorkers': 'allow', 'viewport': {'width': 1280, 'height': 720}}</msg>
<tag>BrowserControl</tag>
<tag>Setter</tag>
<doc>Create a new BrowserContext with specified options.</doc>
<status status="PASS" start="2025-04-17T15:14:51.694530" elapsed="0.157456"/>
</kw>
<status status="PASS" start="2025-04-17T15:14:47.382536" elapsed="4.470445"/>
</kw>
<kw name="Abrir a página todo-list" owner="tarefas">
<kw name="New Page" owner="Browser">
<msg time="2025-04-17T15:14:55.719352" level="INFO">Successfully initialized new page object and opened url: https://jessica-os.github.io/todo-fullstack/</msg>
<arg>${URL}</arg>
<tag>BrowserControl</tag>
<tag>Setter</tag>
<doc>Open a new Page.</doc>
<status status="PASS" start="2025-04-17T15:14:51.866838" elapsed="3.853518"/>
</kw>
<kw name="Wait For Elements State" owner="Browser">
<msg time="2025-04-17T15:14:55.843733" level="INFO">Waited for Element with selector h1 at state visible</msg>
<arg>h1</arg>
<arg>visible</arg>
<arg>timeout=5s</arg>
<tag>PageContent</tag>
<tag>Wait</tag>
<doc>Waits for the element found by ``selector`` to satisfy state option.</doc>
<status status="PASS" start="2025-04-17T15:14:55.721355" elapsed="0.123384"/>
</kw>
<status status="PASS" start="2025-04-17T15:14:51.864836" elapsed="3.979903"/>
</kw>
<kw name="Inserir nova tarefa" owner="tarefas">
<kw name="Evaluate" owner="BuiltIn">
<msg time="2025-04-17T15:14:55.849735" level="INFO">${rand} = 4588</msg>
<var>${rand}</var>
<arg>random.randint(1000, 9999)</arg>
<arg>modules=random</arg>
<doc>Evaluates the given expression in Python and returns the result.</doc>
<status status="PASS" start="2025-04-17T15:14:55.847737" elapsed="0.002999"/>
</kw>
<kw name="Set Variable" owner="BuiltIn">
<msg time="2025-04-17T15:14:55.851733" level="INFO">${tarefa_unica} = Estudar Cypress 4588</msg>
<var>${tarefa_unica}</var>
<arg>${tarefa} ${rand}</arg>
<doc>Returns the given values which can then be assigned to a variables.</doc>
<status status="PASS" start="2025-04-17T15:14:55.850736" elapsed="0.000997"/>
</kw>
<kw name="Fill Text" owner="Browser">
<msg time="2025-04-17T15:14:55.854737" level="INFO">Fills the text 'Estudar Cypress 4588' in the given field.</msg>
<arg>xpath=//input[@id="nova-tarefa"]</arg>
<arg>${tarefa_unica}</arg>
<tag>PageContent</tag>
<tag>Setter</tag>
<doc>Clears and fills the given ``txt`` into the text field found by ``selector``.</doc>
<status status="PASS" start="2025-04-17T15:14:55.852727" elapsed="0.087189"/>
</kw>
<kw name="Click" owner="Browser">
<msg time="2025-04-17T15:14:55.942913" level="INFO">Clicks the element 'xpath=//button[@id="adicionar-tarefa"]'.</msg>
<arg>xpath=//button[@id="adicionar-tarefa"]</arg>
<tag>PageContent</tag>
<tag>Setter</tag>
<doc>Simulates mouse click on the element found by ``selector``.</doc>
<status status="PASS" start="2025-04-17T15:14:55.940910" elapsed="0.379213"/>
</kw>
<kw name="Wait For Elements State" owner="Browser">
<msg time="2025-04-17T15:14:57.710299" level="INFO">Waited for Element with selector xpath=//ul[@id="lista-tarefas-pendentes"]//li[contains(., "Estudar Cypress 4588")] at state visible</msg>
<arg>xpath=//ul[@id="lista-tarefas-pendentes"]//li[contains(., "${tarefa_unica}")]</arg>
<arg>visible</arg>
<arg>timeout=5s</arg>
<tag>PageContent</tag>
<tag>Wait</tag>
<doc>Waits for the element found by ``selector`` to satisfy state option.</doc>
<status status="PASS" start="2025-04-17T15:14:56.320123" elapsed="1.390176"/>
</kw>
<kw name="Set Suite Variable" owner="BuiltIn">
<msg time="2025-04-17T15:14:57.714295" level="INFO">${TAREFA_ADICIONADA} = Estudar Cypress 4588</msg>
<arg>${TAREFA_ADICIONADA}</arg>
<arg>${tarefa_unica}</arg>
<doc>Makes a variable available everywhere within the scope of the current suite.</doc>
<status status="PASS" start="2025-04-17T15:14:57.711301" elapsed="0.002994"/>
</kw>
<arg>Estudar Cypress</arg>
<status status="PASS" start="2025-04-17T15:14:55.845737" elapsed="1.868558"/>
</kw>
<kw name="Validar tarefa pendente" owner="tarefas">
<kw name="Wait For Elements State" owner="Browser">
<msg time="2025-04-17T15:14:57.740167" level="INFO">Waited for Element with selector xpath=//ul[@id="lista-tarefas-pendentes"]//li[contains(., "Estudar Cypress 4588")] at state visible</msg>
<arg>xpath=//ul[@id="lista-tarefas-pendentes"]//li[contains(., "${TAREFA_ADICIONADA}")]</arg>
<arg>visible</arg>
<arg>timeout=5s</arg>
<tag>PageContent</tag>
<tag>Wait</tag>
<doc>Waits for the element found by ``selector`` to satisfy state option.</doc>
<status status="PASS" start="2025-04-17T15:14:57.717316" elapsed="0.023812"/>
</kw>
<status status="PASS" start="2025-04-17T15:14:57.715339" elapsed="0.025789"/>
</kw>
<kw name="Fechar o navegador" owner="tarefas">
<kw name="Close Browser" owner="Browser">
<msg time="2025-04-17T15:14:58.710293" level="INFO">Closed browser</msg>
<tag>BrowserControl</tag>
<tag>Setter</tag>
<doc>Closes the current browser.</doc>
<status status="PASS" start="2025-04-17T15:14:57.744128" elapsed="0.967162"/>
</kw>
<status status="PASS" start="2025-04-17T15:14:57.743126" elapsed="0.968164"/>
</kw>
<status status="PASS" start="2025-04-17T15:14:47.379536" elapsed="11.332751"/>
</test>
<test id="s1-s1-s1-t2" name="Concluir tarefa" line="19">
<kw name="Abrir o navegador" owner="tarefas">
<kw name="New Browser" owner="Browser">
<msg time="2025-04-17T15:14:58.776387" level="INFO">{"browser": "chromium", "headless": false, "chromiumSandbox": false, "devtools": false, "handleSIGHUP": true, "handleSIGINT": true, "handleSIGTERM": true, "slowMo": 0.0, "timeout": 30000.0, "tracesDir": "C:\\Users\\User\\Desktop\\Todo-Fullstack\\resultados\\browser\\traces\\temp\\163ebc86-8d25-4e97-a294-c87be3fbf959"}</msg>
<msg time="2025-04-17T15:14:59.355451" level="INFO">Successfully created browser with options: {"browser":"chromium","headless":false,"chromiumSandbox":false,"devtools":false,"handleSIGHUP":true,"handleSIGINT":true,"handleSIGTERM":true,"slowMo":0,"timeout":30000,"tracesDir":"C:\\Users\\User\\Desktop\\Todo-Fullstack\\resultados\\browser\\traces\\temp\\163ebc86-8d25-4e97-a294-c87be3fbf959"}</msg>
<arg>headless=${False}</arg>
<tag>BrowserControl</tag>
<tag>Setter</tag>
<doc>Create a new playwright Browser with specified options.</doc>
<status status="PASS" start="2025-04-17T15:14:58.774387" elapsed="0.582068"/>
</kw>
<kw name="New Context" owner="Browser">
<msg time="2025-04-17T15:14:59.361455" level="INFO">{
  "acceptDownloads": true,
  "bypassCSP": false,
  "forcedColors": "none",
  "ignoreHTTPSErrors": false,
  "javaScriptEnabled": true,
  "offline": false,
  "reducedMotion": "no-preference",
  "serviceWorkers": "allow",
  "viewport": {
    "width": 1280,
    "height": 720
  }
}</msg>
<msg time="2025-04-17T15:14:59.416615" level="INFO">Successfully created context. </msg>
<msg time="2025-04-17T15:14:59.416615" level="INFO">{'acceptDownloads': True, 'bypassCSP': False, 'forcedColors': 'none', 'ignoreHTTPSErrors': False, 'javaScriptEnabled': True, 'offline': False, 'reducedMotion': 'no-preference', 'serviceWorkers': 'allow', 'viewport': {'width': 1280, 'height': 720}}</msg>
<tag>BrowserControl</tag>
<tag>Setter</tag>
<doc>Create a new BrowserContext with specified options.</doc>
<status status="PASS" start="2025-04-17T15:14:59.356455" elapsed="0.060160"/>
</kw>
<status status="PASS" start="2025-04-17T15:14:58.774387" elapsed="0.642228"/>
</kw>
<kw name="Abrir a página todo-list" owner="tarefas">
<kw name="New Page" owner="Browser">
<msg time="2025-04-17T15:15:00.954196" level="INFO">Successfully initialized new page object and opened url: https://jessica-os.github.io/todo-fullstack/</msg>
<arg>${URL}</arg>
<tag>BrowserControl</tag>
<tag>Setter</tag>
<doc>Open a new Page.</doc>
<status status="PASS" start="2025-04-17T15:14:59.432617" elapsed="1.521579"/>
</kw>
<kw name="Wait For Elements State" owner="Browser">
<msg time="2025-04-17T15:15:01.005203" level="INFO">Waited for Element with selector h1 at state visible</msg>
<arg>h1</arg>
<arg>visible</arg>
<arg>timeout=5s</arg>
<tag>PageContent</tag>
<tag>Wait</tag>
<doc>Waits for the element found by ``selector`` to satisfy state option.</doc>
<status status="PASS" start="2025-04-17T15:15:00.955196" elapsed="0.050007"/>
</kw>
<status status="PASS" start="2025-04-17T15:14:59.431613" elapsed="1.574587"/>
</kw>
<kw name="Inserir nova tarefa" owner="tarefas">
<kw name="Evaluate" owner="BuiltIn">
<msg time="2025-04-17T15:15:01.007202" level="INFO">${rand} = 1498</msg>
<var>${rand}</var>
<arg>random.randint(1000, 9999)</arg>
<arg>modules=random</arg>
<doc>Evaluates the given expression in Python and returns the result.</doc>
<status status="PASS" start="2025-04-17T15:15:01.007202" elapsed="0.000000"/>
</kw>
<kw name="Set Variable" owner="BuiltIn">
<msg time="2025-04-17T15:15:01.009205" level="INFO">${tarefa_unica} = Concluir tarefa de teste 1498</msg>
<var>${tarefa_unica}</var>
<arg>${tarefa} ${rand}</arg>
<doc>Returns the given values which can then be assigned to a variables.</doc>
<status status="PASS" start="2025-04-17T15:15:01.008201" elapsed="0.002000"/>
</kw>
<kw name="Fill Text" owner="Browser">
<msg time="2025-04-17T15:15:01.011240" level="INFO">Fills the text 'Concluir tarefa de teste 1498' in the given field.</msg>
<arg>xpath=//input[@id="nova-tarefa"]</arg>
<arg>${tarefa_unica}</arg>
<tag>PageContent</tag>
<tag>Setter</tag>
<doc>Clears and fills the given ``txt`` into the text field found by ``selector``.</doc>
<status status="PASS" start="2025-04-17T15:15:01.010201" elapsed="0.038739"/>
</kw>
<kw name="Click" owner="Browser">
<msg time="2025-04-17T15:15:01.050946" level="INFO">Clicks the element 'xpath=//button[@id="adicionar-tarefa"]'.</msg>
<arg>xpath=//button[@id="adicionar-tarefa"]</arg>
<tag>PageContent</tag>
<tag>Setter</tag>
<doc>Simulates mouse click on the element found by ``selector``.</doc>
<status status="PASS" start="2025-04-17T15:15:01.049947" elapsed="0.066680"/>
</kw>
<kw name="Wait For Elements State" owner="Browser">
<msg time="2025-04-17T15:15:02.542517" level="INFO">Waited for Element with selector xpath=//ul[@id="lista-tarefas-pendentes"]//li[contains(., "Concluir tarefa de teste 1498")] at state visible</msg>
<arg>xpath=//ul[@id="lista-tarefas-pendentes"]//li[contains(., "${tarefa_unica}")]</arg>
<arg>visible</arg>
<arg>timeout=5s</arg>
<tag>PageContent</tag>
<tag>Wait</tag>
<doc>Waits for the element found by ``selector`` to satisfy state option.</doc>
<status status="PASS" start="2025-04-17T15:15:01.116627" elapsed="1.427869"/>
</kw>
<kw name="Set Suite Variable" owner="BuiltIn">
<msg time="2025-04-17T15:15:02.546255" level="INFO">${TAREFA_ADICIONADA} = Concluir tarefa de teste 1498</msg>
<arg>${TAREFA_ADICIONADA}</arg>
<arg>${tarefa_unica}</arg>
<doc>Makes a variable available everywhere within the scope of the current suite.</doc>
<status status="PASS" start="2025-04-17T15:15:02.544496" elapsed="0.001759"/>
</kw>
<arg>Concluir tarefa de teste</arg>
<status status="PASS" start="2025-04-17T15:15:01.006200" elapsed="1.541287"/>
</kw>
<kw name="Validar tarefa pendente" owner="tarefas">
<kw name="Wait For Elements State" owner="Browser">
<msg time="2025-04-17T15:15:02.567895" level="INFO">Waited for Element with selector xpath=//ul[@id="lista-tarefas-pendentes"]//li[contains(., "Concluir tarefa de teste 1498")] at state visible</msg>
<arg>xpath=//ul[@id="lista-tarefas-pendentes"]//li[contains(., "${TAREFA_ADICIONADA}")]</arg>
<arg>visible</arg>
<arg>timeout=5s</arg>
<tag>PageContent</tag>
<tag>Wait</tag>
<doc>Waits for the element found by ``selector`` to satisfy state option.</doc>
<status status="PASS" start="2025-04-17T15:15:02.550443" elapsed="0.017452"/>
</kw>
<status status="PASS" start="2025-04-17T15:15:02.548872" elapsed="0.020030"/>
</kw>
<kw name="Concluir tarefa" owner="tarefas">
<kw name="Click" owner="Browser">
<msg time="2025-04-17T15:15:02.571904" level="INFO">Clicks the element 'xpath=//ul[@id="lista-tarefas-pendentes"]//li[contains(., "Concluir tarefa de teste 1498")]//button[1]'.</msg>
<arg>xpath=//ul[@id="lista-tarefas-pendentes"]//li[contains(., "${TAREFA_ADICIONADA}")]//button[1]</arg>
<tag>PageContent</tag>
<tag>Setter</tag>
<doc>Simulates mouse click on the element found by ``selector``.</doc>
<status status="PASS" start="2025-04-17T15:15:02.570901" elapsed="0.072144"/>
</kw>
<kw name="Wait For Elements State" owner="Browser">
<msg time="2025-04-17T15:15:04.057269" level="INFO">Waited for Element with selector xpath=//ul[@id="lista-tarefas-concluidas"]//li[contains(., "Concluir tarefa de teste 1498")] at state visible</msg>
<arg>xpath=//ul[@id="lista-tarefas-concluidas"]//li[contains(., "${TAREFA_ADICIONADA}")]</arg>
<arg>visible</arg>
<arg>timeout=5s</arg>
<tag>PageContent</tag>
<tag>Wait</tag>
<doc>Waits for the element found by ``selector`` to satisfy state option.</doc>
<status status="PASS" start="2025-04-17T15:15:02.644046" elapsed="1.414226"/>
</kw>
<status status="PASS" start="2025-04-17T15:15:02.568902" elapsed="1.489370"/>
</kw>
<kw name="Fechar o navegador" owner="tarefas">
<kw name="Close Browser" owner="Browser">
<msg time="2025-04-17T15:15:04.838959" level="INFO">Closed browser</msg>
<tag>BrowserControl</tag>
<tag>Setter</tag>
<doc>Closes the current browser.</doc>
<status status="PASS" start="2025-04-17T15:15:04.064656" elapsed="0.774303"/>
</kw>
<status status="PASS" start="2025-04-17T15:15:04.063565" elapsed="0.776393"/>
</kw>
<status status="PASS" start="2025-04-17T15:14:58.766384" elapsed="6.073574"/>
</test>
<test id="s1-s1-s1-t3" name="Editar tarefa" line="27">
<kw name="Abrir o navegador" owner="tarefas">
<kw name="New Browser" owner="Browser">
<msg time="2025-04-17T15:15:04.891957" level="INFO">{"browser": "chromium", "headless": false, "chromiumSandbox": false, "devtools": false, "handleSIGHUP": true, "handleSIGINT": true, "handleSIGTERM": true, "slowMo": 0.0, "timeout": 30000.0, "tracesDir": "C:\\Users\\User\\Desktop\\Todo-Fullstack\\resultados\\browser\\traces\\temp\\743ad826-c664-418d-b6c2-082520b2597c"}</msg>
<msg time="2025-04-17T15:15:05.369221" level="INFO">Successfully created browser with options: {"browser":"chromium","headless":false,"chromiumSandbox":false,"devtools":false,"handleSIGHUP":true,"handleSIGINT":true,"handleSIGTERM":true,"slowMo":0,"timeout":30000,"tracesDir":"C:\\Users\\User\\Desktop\\Todo-Fullstack\\resultados\\browser\\traces\\temp\\743ad826-c664-418d-b6c2-082520b2597c"}</msg>
<arg>headless=${False}</arg>
<tag>BrowserControl</tag>
<tag>Setter</tag>
<doc>Create a new playwright Browser with specified options.</doc>
<status status="PASS" start="2025-04-17T15:15:04.890955" elapsed="0.478266"/>
</kw>
<kw name="New Context" owner="Browser">
<msg time="2025-04-17T15:15:05.373217" level="INFO">{
  "acceptDownloads": true,
  "bypassCSP": false,
  "forcedColors": "none",
  "ignoreHTTPSErrors": false,
  "javaScriptEnabled": true,
  "offline": false,
  "reducedMotion": "no-preference",
  "serviceWorkers": "allow",
  "viewport": {
    "width": 1280,
    "height": 720
  }
}</msg>
<msg time="2025-04-17T15:15:05.414143" level="INFO">Successfully created context. </msg>
<msg time="2025-04-17T15:15:05.414143" level="INFO">{'acceptDownloads': True, 'bypassCSP': False, 'forcedColors': 'none', 'ignoreHTTPSErrors': False, 'javaScriptEnabled': True, 'offline': False, 'reducedMotion': 'no-preference', 'serviceWorkers': 'allow', 'viewport': {'width': 1280, 'height': 720}}</msg>
<tag>BrowserControl</tag>
<tag>Setter</tag>
<doc>Create a new BrowserContext with specified options.</doc>
<status status="PASS" start="2025-04-17T15:15:05.369221" elapsed="0.044922"/>
</kw>
<status status="PASS" start="2025-04-17T15:15:04.889966" elapsed="0.525173"/>
</kw>
<kw name="Abrir a página todo-list" owner="tarefas">
<kw name="New Page" owner="Browser">
<msg time="2025-04-17T15:15:06.983499" level="INFO">Successfully initialized new page object and opened url: https://jessica-os.github.io/todo-fullstack/</msg>
<arg>${URL}</arg>
<tag>BrowserControl</tag>
<tag>Setter</tag>
<doc>Open a new Page.</doc>
<status status="PASS" start="2025-04-17T15:15:05.422141" elapsed="1.561358"/>
</kw>
<kw name="Wait For Elements State" owner="Browser">
<msg time="2025-04-17T15:15:07.048728" level="INFO">Waited for Element with selector h1 at state visible</msg>
<arg>h1</arg>
<arg>visible</arg>
<arg>timeout=5s</arg>
<tag>PageContent</tag>
<tag>Wait</tag>
<doc>Waits for the element found by ``selector`` to satisfy state option.</doc>
<status status="PASS" start="2025-04-17T15:15:06.984494" elapsed="0.064234"/>
</kw>
<status status="PASS" start="2025-04-17T15:15:05.420141" elapsed="1.628587"/>
</kw>
<kw name="Inserir nova tarefa" owner="tarefas">
<kw name="Evaluate" owner="BuiltIn">
<msg time="2025-04-17T15:15:07.050744" level="INFO">${rand} = 2621</msg>
<var>${rand}</var>
<arg>random.randint(1000, 9999)</arg>
<arg>modules=random</arg>
<doc>Evaluates the given expression in Python and returns the result.</doc>
<status status="PASS" start="2025-04-17T15:15:07.050744" elapsed="0.000000"/>
</kw>
<kw name="Set Variable" owner="BuiltIn">
<msg time="2025-04-17T15:15:07.051745" level="INFO">${tarefa_unica} = Editar tarefa de teste 2621</msg>
<var>${tarefa_unica}</var>
<arg>${tarefa} ${rand}</arg>
<doc>Returns the given values which can then be assigned to a variables.</doc>
<status status="PASS" start="2025-04-17T15:15:07.051745" elapsed="0.000000"/>
</kw>
<kw name="Fill Text" owner="Browser">
<msg time="2025-04-17T15:15:07.054744" level="INFO">Fills the text 'Editar tarefa de teste 2621' in the given field.</msg>
<arg>xpath=//input[@id="nova-tarefa"]</arg>
<arg>${tarefa_unica}</arg>
<tag>PageContent</tag>
<tag>Setter</tag>
<doc>Clears and fills the given ``txt`` into the text field found by ``selector``.</doc>
<status status="PASS" start="2025-04-17T15:15:07.052742" elapsed="0.031005"/>
</kw>
<kw name="Click" owner="Browser">
<msg time="2025-04-17T15:15:07.087746" level="INFO">Clicks the element 'xpath=//button[@id="adicionar-tarefa"]'.</msg>
<arg>xpath=//button[@id="adicionar-tarefa"]</arg>
<tag>PageContent</tag>
<tag>Setter</tag>
<doc>Simulates mouse click on the element found by ``selector``.</doc>
<status status="PASS" start="2025-04-17T15:15:07.084747" elapsed="0.101502"/>
</kw>
<kw name="Wait For Elements State" owner="Browser">
<msg time="2025-04-17T15:15:08.584353" level="INFO">Waited for Element with selector xpath=//ul[@id="lista-tarefas-pendentes"]//li[contains(., "Editar tarefa de teste 2621")] at state visible</msg>
<arg>xpath=//ul[@id="lista-tarefas-pendentes"]//li[contains(., "${tarefa_unica}")]</arg>
<arg>visible</arg>
<arg>timeout=5s</arg>
<tag>PageContent</tag>
<tag>Wait</tag>
<doc>Waits for the element found by ``selector`` to satisfy state option.</doc>
<status status="PASS" start="2025-04-17T15:15:07.186249" elapsed="1.399120"/>
</kw>
<kw name="Set Suite Variable" owner="BuiltIn">
<msg time="2025-04-17T15:15:08.586364" level="INFO">${TAREFA_ADICIONADA} = Editar tarefa de teste 2621</msg>
<arg>${TAREFA_ADICIONADA}</arg>
<arg>${tarefa_unica}</arg>
<doc>Makes a variable available everywhere within the scope of the current suite.</doc>
<status status="PASS" start="2025-04-17T15:15:08.585369" elapsed="0.000995"/>
</kw>
<arg>Editar tarefa de teste</arg>
<status status="PASS" start="2025-04-17T15:15:07.049741" elapsed="1.537623"/>
</kw>
<kw name="Validar tarefa pendente" owner="tarefas">
<kw name="Wait For Elements State" owner="Browser">
<msg time="2025-04-17T15:15:08.603383" level="INFO">Waited for Element with selector xpath=//ul[@id="lista-tarefas-pendentes"]//li[contains(., "Editar tarefa de teste 2621")] at state visible</msg>
<arg>xpath=//ul[@id="lista-tarefas-pendentes"]//li[contains(., "${TAREFA_ADICIONADA}")]</arg>
<arg>visible</arg>
<arg>timeout=5s</arg>
<tag>PageContent</tag>
<tag>Wait</tag>
<doc>Waits for the element found by ``selector`` to satisfy state option.</doc>
<status status="PASS" start="2025-04-17T15:15:08.588380" elapsed="0.015003"/>
</kw>
<status status="PASS" start="2025-04-17T15:15:08.587364" elapsed="0.016019"/>
</kw>
<kw name="Editar tarefa" owner="tarefas">
<kw name="Click" owner="Browser">
<msg time="2025-04-17T15:15:08.612525" level="INFO">Clicks the element 'xpath=//ul[@id="lista-tarefas-pendentes"]//li[contains(., "Editar tarefa de teste 2621")]//button[contains(text(),"✏️")]'.</msg>
<arg>xpath=//ul[@id="lista-tarefas-pendentes"]//li[contains(., "${TAREFA_ADICIONADA}")]//button[contains(text(),"✏️")]</arg>
<tag>PageContent</tag>
<tag>Setter</tag>
<doc>Simulates mouse click on the element found by ``selector``.</doc>
<status status="PASS" start="2025-04-17T15:15:08.605528" elapsed="0.094424"/>
</kw>
<kw name="Set Variable" owner="BuiltIn">
<msg time="2025-04-17T15:15:08.702923" level="INFO">${id_input} = editar-Editar_tarefa_de_teste_2621</msg>
<var>${id_input}</var>
<arg>editar-${TAREFA_ADICIONADA.replace(" ", "_")}</arg>
<doc>Returns the given values which can then be assigned to a variables.</doc>
<status status="PASS" start="2025-04-17T15:15:08.700921" elapsed="0.003028"/>
</kw>
<kw name="Wait For Elements State" owner="Browser">
<msg time="2025-04-17T15:15:14.611351" level="INFO" html="true">&lt;/td&gt;&lt;/tr&gt;&lt;tr&gt;&lt;td colspan="3"&gt;&lt;a href="browser/screenshot/fail-screenshot-1.png" target="_blank"&gt;&lt;img src="browser/screenshot/fail-screenshot-1.png" width="800px"/&gt;&lt;/a&gt;</msg>
<msg time="2025-04-17T15:15:14.612344" level="INFO">See also file:///C:/Users/User/Desktop/Todo-Fullstack/resultados/playwright-log.txt for additional details.</msg>
<msg time="2025-04-17T15:15:14.615349" level="FAIL">TimeoutError: locator.waitFor: Timeout 5000ms exceeded.
Call log:
  - waiting for locator('//input[@id="editar-Editar_tarefa_de_teste_2621"]') to be visible
</msg>
<arg>xpath=//input[@id="${id_input}"]</arg>
<arg>visible</arg>
<arg>timeout=5s</arg>
<tag>PageContent</tag>
<tag>Wait</tag>
<doc>Waits for the element found by ``selector`` to satisfy state option.</doc>
<status status="FAIL" start="2025-04-17T15:15:08.703949" elapsed="5.932926">TimeoutError: locator.waitFor: Timeout 5000ms exceeded.
Call log:
  - waiting for locator('//input[@id="editar-Editar_tarefa_de_teste_2621"]') to be visible
</status>
</kw>
<kw name="Fill Text" owner="Browser">
<arg>xpath=//input[@id="${id_input}"]</arg>
<arg>${TAREFA_ADICIONADA} editada</arg>
<tag>PageContent</tag>
<tag>Setter</tag>
<doc>Clears and fills the given ``txt`` into the text field found by ``selector``.</doc>
<status status="NOT RUN" start="2025-04-17T15:15:14.637854" elapsed="0.001001"/>
</kw>
<kw name="Click" owner="Browser">
<arg>xpath=//ul[@id="lista-tarefas-pendentes"]//li[contains(., "${TAREFA_ADICIONADA}")]//button[contains(text(),"Salvar")]</arg>
<tag>PageContent</tag>
<tag>Setter</tag>
<doc>Simulates mouse click on the element found by ``selector``.</doc>
<status status="NOT RUN" start="2025-04-17T15:15:14.639857" elapsed="0.000000"/>
</kw>
<kw name="Wait For Elements State" owner="Browser">
<arg>xpath=//ul[@id="lista-tarefas-pendentes"]//li[contains(., "${TAREFA_ADICIONADA} editada")]</arg>
<arg>visible</arg>
<arg>timeout=5s</arg>
<tag>PageContent</tag>
<tag>Wait</tag>
<doc>Waits for the element found by ``selector`` to satisfy state option.</doc>
<status status="NOT RUN" start="2025-04-17T15:15:14.640854" elapsed="0.000000"/>
</kw>
<kw name="Set Suite Variable" owner="BuiltIn">
<arg>${TAREFA_ADICIONADA}</arg>
<arg>${TAREFA_ADICIONADA} editada</arg>
<doc>Makes a variable available everywhere within the scope of the current suite.</doc>
<status status="NOT RUN" start="2025-04-17T15:15:14.641853" elapsed="0.000000"/>
</kw>
<status status="FAIL" start="2025-04-17T15:15:08.604498" elapsed="6.038354">TimeoutError: locator.waitFor: Timeout 5000ms exceeded.
Call log:
  - waiting for locator('//input[@id="editar-Editar_tarefa_de_teste_2621"]') to be visible
</status>
</kw>
<kw name="Fechar o navegador" owner="tarefas">
<status status="NOT RUN" start="2025-04-17T15:15:14.645871" elapsed="0.000987"/>
</kw>
<msg time="2025-04-17T15:15:14.655395" level="INFO">Set timeout to: 10000</msg>
<msg time="2025-04-17T15:15:14.696965" level="INFO">Switching context to context=027a6581-3d52-4c46-872e-3c6d490eb372 in CURRENT</msg>
<msg time="2025-04-17T15:15:14.731969" level="INFO">Successfully changed active context: context=027a6581-3d52-4c46-872e-3c6d490eb372</msg>
<msg time="2025-04-17T15:15:14.901342" level="INFO">Successfully closed Context</msg>
<status status="FAIL" start="2025-04-17T15:15:04.885954" elapsed="9.762895">TimeoutError: locator.waitFor: Timeout 5000ms exceeded.
Call log:
  - waiting for locator('//input[@id="editar-Editar_tarefa_de_teste_2621"]') to be visible
</status>
</test>
<test id="s1-s1-s1-t4" name="Excluir tarefa" line="35">
<kw name="Abrir o navegador" owner="tarefas">
<kw name="New Browser" owner="Browser">
<msg time="2025-04-17T15:15:14.937343" level="INFO">Switching browser to browser=5eb60666-fa3f-4046-8692-6daa84277d08</msg>
<msg time="2025-04-17T15:15:14.947340" level="INFO">Successfully changed active browser: browser=5eb60666-fa3f-4046-8692-6daa84277d08</msg>
<msg time="2025-04-17T15:15:14.947340" level="INFO">Reusing existing browser with id: browser=5eb60666-fa3f-4046-8692-6daa84277d08</msg>
<arg>headless=${False}</arg>
<tag>BrowserControl</tag>
<tag>Setter</tag>
<doc>Create a new playwright Browser with specified options.</doc>
<status status="PASS" start="2025-04-17T15:15:14.934348" elapsed="0.013993"/>
</kw>
<kw name="New Context" owner="Browser">
<msg time="2025-04-17T15:15:14.954342" level="INFO">{
  "acceptDownloads": true,
  "bypassCSP": false,
  "forcedColors": "none",
  "ignoreHTTPSErrors": false,
  "javaScriptEnabled": true,
  "offline": false,
  "reducedMotion": "no-preference",
  "serviceWorkers": "allow",
  "viewport": {
    "width": 1280,
    "height": 720
  }
}</msg>
<msg time="2025-04-17T15:15:15.008004" level="INFO">Successfully created context. </msg>
<msg time="2025-04-17T15:15:15.009007" level="INFO">{'acceptDownloads': True, 'bypassCSP': False, 'forcedColors': 'none', 'ignoreHTTPSErrors': False, 'javaScriptEnabled': True, 'offline': False, 'reducedMotion': 'no-preference', 'serviceWorkers': 'allow', 'viewport': {'width': 1280, 'height': 720}}</msg>
<tag>BrowserControl</tag>
<tag>Setter</tag>
<doc>Create a new BrowserContext with specified options.</doc>
<status status="PASS" start="2025-04-17T15:15:14.948341" elapsed="0.060666"/>
</kw>
<status status="PASS" start="2025-04-17T15:15:14.932340" elapsed="0.076667"/>
</kw>
<kw name="Abrir a página todo-list" owner="tarefas">
<kw name="New Page" owner="Browser">
<msg time="2025-04-17T15:15:16.762592" level="INFO">Successfully initialized new page object and opened url: https://jessica-os.github.io/todo-fullstack/</msg>
<arg>${URL}</arg>
<tag>BrowserControl</tag>
<tag>Setter</tag>
<doc>Open a new Page.</doc>
<status status="PASS" start="2025-04-17T15:15:15.040008" elapsed="1.723581"/>
</kw>
<kw name="Wait For Elements State" owner="Browser">
<msg time="2025-04-17T15:15:16.830283" level="INFO">Waited for Element with selector h1 at state visible</msg>
<arg>h1</arg>
<arg>visible</arg>
<arg>timeout=5s</arg>
<tag>PageContent</tag>
<tag>Wait</tag>
<doc>Waits for the element found by ``selector`` to satisfy state option.</doc>
<status status="PASS" start="2025-04-17T15:15:16.763589" elapsed="0.066694"/>
</kw>
<status status="PASS" start="2025-04-17T15:15:15.038004" elapsed="1.793279"/>
</kw>
<kw name="Inserir nova tarefa" owner="tarefas">
<kw name="Evaluate" owner="BuiltIn">
<msg time="2025-04-17T15:15:16.833276" level="INFO">${rand} = 3705</msg>
<var>${rand}</var>
<arg>random.randint(1000, 9999)</arg>
<arg>modules=random</arg>
<doc>Evaluates the given expression in Python and returns the result.</doc>
<status status="PASS" start="2025-04-17T15:15:16.832279" elapsed="0.000997"/>
</kw>
<kw name="Set Variable" owner="BuiltIn">
<msg time="2025-04-17T15:15:16.834276" level="INFO">${tarefa_unica} = Excluir tarefa de teste 3705</msg>
<var>${tarefa_unica}</var>
<arg>${tarefa} ${rand}</arg>
<doc>Returns the given values which can then be assigned to a variables.</doc>
<status status="PASS" start="2025-04-17T15:15:16.834276" elapsed="0.000000"/>
</kw>
<kw name="Fill Text" owner="Browser">
<msg time="2025-04-17T15:15:16.836284" level="INFO">Fills the text 'Excluir tarefa de teste 3705' in the given field.</msg>
<arg>xpath=//input[@id="nova-tarefa"]</arg>
<arg>${tarefa_unica}</arg>
<tag>PageContent</tag>
<tag>Setter</tag>
<doc>Clears and fills the given ``txt`` into the text field found by ``selector``.</doc>
<status status="PASS" start="2025-04-17T15:15:16.835275" elapsed="0.047185"/>
</kw>
<kw name="Click" owner="Browser">
<msg time="2025-04-17T15:15:16.886456" level="INFO">Clicks the element 'xpath=//button[@id="adicionar-tarefa"]'.</msg>
<arg>xpath=//button[@id="adicionar-tarefa"]</arg>
<tag>PageContent</tag>
<tag>Setter</tag>
<doc>Simulates mouse click on the element found by ``selector``.</doc>
<status status="PASS" start="2025-04-17T15:15:16.883460" elapsed="0.081467"/>
</kw>
<kw name="Wait For Elements State" owner="Browser">
<msg time="2025-04-17T15:15:17.903246" level="INFO">Waited for Element with selector xpath=//ul[@id="lista-tarefas-pendentes"]//li[contains(., "Excluir tarefa de teste 3705")] at state visible</msg>
<arg>xpath=//ul[@id="lista-tarefas-pendentes"]//li[contains(., "${tarefa_unica}")]</arg>
<arg>visible</arg>
<arg>timeout=5s</arg>
<tag>PageContent</tag>
<tag>Wait</tag>
<doc>Waits for the element found by ``selector`` to satisfy state option.</doc>
<status status="PASS" start="2025-04-17T15:15:16.964927" elapsed="0.938319"/>
</kw>
<kw name="Set Suite Variable" owner="BuiltIn">
<msg time="2025-04-17T15:15:17.905234" level="INFO">${TAREFA_ADICIONADA} = Excluir tarefa de teste 3705</msg>
<arg>${TAREFA_ADICIONADA}</arg>
<arg>${tarefa_unica}</arg>
<doc>Makes a variable available everywhere within the scope of the current suite.</doc>
<status status="PASS" start="2025-04-17T15:15:17.904239" elapsed="0.001994"/>
</kw>
<arg>Excluir tarefa de teste</arg>
<status status="PASS" start="2025-04-17T15:15:16.831283" elapsed="1.074950"/>
</kw>
<kw name="Validar tarefa pendente" owner="tarefas">
<kw name="Wait For Elements State" owner="Browser">
<msg time="2025-04-17T15:15:17.931400" level="INFO">Waited for Element with selector xpath=//ul[@id="lista-tarefas-pendentes"]//li[contains(., "Excluir tarefa de teste 3705")] at state visible</msg>
<arg>xpath=//ul[@id="lista-tarefas-pendentes"]//li[contains(., "${TAREFA_ADICIONADA}")]</arg>
<arg>visible</arg>
<arg>timeout=5s</arg>
<tag>PageContent</tag>
<tag>Wait</tag>
<doc>Waits for the element found by ``selector`` to satisfy state option.</doc>
<status status="PASS" start="2025-04-17T15:15:17.909236" elapsed="0.022164"/>
</kw>
<status status="PASS" start="2025-04-17T15:15:17.907231" elapsed="0.025171"/>
</kw>
<kw name="Excluir tarefa" owner="tarefas">
<kw name="Click" owner="Browser">
<msg time="2025-04-17T15:15:17.938133" level="INFO">Clicks the element 'xpath=//ul[@id="lista-tarefas-pendentes"]//li[contains(., "Excluir tarefa de teste 3705")]//button[contains(text(),"🗑️")]'.</msg>
<arg>xpath=//ul[@id="lista-tarefas-pendentes"]//li[contains(., "${TAREFA_ADICIONADA}")]//button[contains(text(),"🗑️")]</arg>
<tag>PageContent</tag>
<tag>Setter</tag>
<doc>Simulates mouse click on the element found by ``selector``.</doc>
<status status="PASS" start="2025-04-17T15:15:17.934097" elapsed="0.080214"/>
</kw>
<kw name="Wait For Elements State" owner="Browser">
<msg time="2025-04-17T15:15:18.894321" level="INFO">Waited for Element with selector xpath=//ul[@id="lista-tarefas-pendentes"]//li[contains(., "Excluir tarefa de teste 3705")] at state hidden</msg>
<arg>xpath=//ul[@id="lista-tarefas-pendentes"]//li[contains(., "${TAREFA_ADICIONADA}")]</arg>
<arg>hidden</arg>
<arg>timeout=5s</arg>
<tag>PageContent</tag>
<tag>Wait</tag>
<doc>Waits for the element found by ``selector`` to satisfy state option.</doc>
<status status="PASS" start="2025-04-17T15:15:18.014311" elapsed="0.880010"/>
</kw>
<status status="PASS" start="2025-04-17T15:15:17.933061" elapsed="0.962305"/>
</kw>
<kw name="Fechar o navegador" owner="tarefas">
<kw name="Close Browser" owner="Browser">
<msg time="2025-04-17T15:15:19.979795" level="INFO">Closed browser</msg>
<tag>BrowserControl</tag>
<tag>Setter</tag>
<doc>Closes the current browser.</doc>
<status status="PASS" start="2025-04-17T15:15:18.898340" elapsed="1.081455"/>
</kw>
<status status="PASS" start="2025-04-17T15:15:18.896334" elapsed="1.083461"/>
</kw>
<status status="PASS" start="2025-04-17T15:15:14.920342" elapsed="5.060457"/>
</test>
<status status="FAIL" start="2025-04-17T15:14:46.762514" elapsed="33.270297"/>
</suite>
<status status="FAIL" start="2025-04-17T15:14:46.755541" elapsed="33.335278"/>
</suite>
<status status="FAIL" start="2025-04-17T15:14:46.699059" elapsed="33.394757"/>
</suite>
<statistics>
<total>
<stat pass="3" fail="1" skip="0">All Tests</stat>
</total>
<tag>
</tag>
<suite>
<stat name="Tests" id="s1" pass="3" fail="1" skip="0">Tests</stat>
<stat name="Robot" id="s1-s1" pass="3" fail="1" skip="0">Tests.Robot</stat>
<stat name="Tarefas" id="s1-s1-s1" pass="3" fail="1" skip="0">Tests.Robot.Tarefas</stat>
</suite>
</statistics>
<errors>
</errors>
</robot>
