<?xml version="1.0" encoding="UTF-8"?>
<robot generator="Robot 7.2.2 (Python 3.12.2 on win32)" generated="2025-04-22T12:36:41.009209" rpa="false" schemaversion="5">
<suite id="s1" name="Api Tests" source="C:\Users\User\Desktop\Todo-Fullstack\tests\api_tests.robot">
<kw name="Disable SSL Warnings" type="SETUP">
<kw name="Set Environment Variable" owner="OperatingSystem">
<msg time="2025-04-22T12:36:42.269759" level="INFO">Environment variable 'PYTHONWARNINGS' set to value 'ignore::InsecureRequestWarning'.</msg>
<arg>PYTHONWARNINGS</arg>
<arg>ignore::InsecureRequestWarning</arg>
<doc>Sets an environment variable to a specified value.</doc>
<status status="PASS" start="2025-04-22T12:36:42.269759" elapsed="0.000000"/>
</kw>
<status status="PASS" start="2025-04-22T12:36:42.268759" elapsed="0.001000"/>
</kw>
<test id="s1-t1" name="Criar Tarefa" line="19">
<kw name="Create Session" owner="RequestsLibrary">
<msg time="2025-04-22T12:36:42.271759" level="INFO">Creating Session using : alias=todo, url=https://todo-fullstack-orju.onrender.com, headers={},                     cookies={}, auth=None, timeout=None, proxies=None, verify=False,                     debug=0 </msg>
<arg>todo</arg>
<arg>${BASE_URL}</arg>
<doc>Create Session: create a HTTP session to a server</doc>
<status status="PASS" start="2025-04-22T12:36:42.270759" elapsed="0.001000"/>
</kw>
<kw name="Create Dictionary" owner="BuiltIn">
<msg time="2025-04-22T12:36:42.272759" level="INFO">${dados} = {'nome': 'Estudar Robot'}</msg>
<var>${dados}</var>
<arg>nome=Estudar Robot</arg>
<doc>Creates and returns a dictionary based on the given ``items``.</doc>
<status status="PASS" start="2025-04-22T12:36:42.271759" elapsed="0.001000"/>
</kw>
<kw name="POST On Session" owner="RequestsLibrary">
<msg time="2025-04-22T12:36:42.615769" level="INFO">POST Request : url=https://todo-fullstack-orju.onrender.com/tasks 
 path_url=/tasks 
 headers={'User-Agent': 'python-requests/2.32.3', 'Accept-Encoding': 'gzip, deflate', 'Accept': '*/*', 'Connection': 'keep-alive', 'Content-Length': '25', 'Content-Type': 'application/json'} 
 body=b'{"nome": "Estudar Robot"}' 
 </msg>
<msg time="2025-04-22T12:36:42.615769" level="INFO">POST Response : url=https://todo-fullstack-orju.onrender.com/tasks 
 status=201, reason=Created 
 headers={'Date': 'Tue, 22 Apr 2025 15:36:42 GMT', 'Content-Type': 'application/json', 'Transfer-Encoding': 'chunked', 'Connection': 'keep-alive', 'access-control-allow-origin': '*', 'rndr-id': '1f314556-f9c7-46db', 'vary': 'Accept-Encoding', 'x-render-origin-server': 'Werkzeug/3.1.3 Python/3.11.11', 'cf-cache-status': 'DYNAMIC', 'Server': 'cloudflare', 'CF-RAY': '934632c16a1a09d7-SJK', 'alt-svc': 'h3=":443"; ma=86400'} 
 body={"concluida":false,"id":1,"nome":"Estudar Robot"}
 
 </msg>
<msg time="2025-04-22T12:36:42.615769" level="INFO">C:\Python312\Lib\site-packages\urllib3\connectionpool.py:1097: InsecureRequestWarning: Unverified HTTPS request is being made to host 'todo-fullstack-orju.onrender.com'. Adding certificate verification is strongly advised. See: https://urllib3.readthedocs.io/en/latest/advanced-usage.html#tls-warnings
  warnings.warn(</msg>
<msg time="2025-04-22T12:36:42.616752" level="INFO">${response} = &lt;Response [201]&gt;</msg>
<var>${response}</var>
<arg>todo</arg>
<arg>/tasks</arg>
<arg>json=${dados}</arg>
<doc>Sends a POST request on a previously created HTTP Session.</doc>
<status status="PASS" start="2025-04-22T12:36:42.272759" elapsed="0.343993"/>
</kw>
<kw name="Convert To Dictionary" owner="Collections">
<msg time="2025-04-22T12:36:42.617767" level="INFO">${task} = {'concluida': False, 'id': 1, 'nome': 'Estudar Robot'}</msg>
<var>${task}</var>
<arg>${response.json()}</arg>
<doc>Converts the given ``item`` to a Python ``dict`` type.</doc>
<status status="PASS" start="2025-04-22T12:36:42.616752" elapsed="0.001015"/>
</kw>
<kw name="Get From Dictionary" owner="Collections">
<msg time="2025-04-22T12:36:42.618767" level="INFO">${task_id} = 1</msg>
<var>${task_id}</var>
<arg>${task}</arg>
<arg>id</arg>
<doc>Returns a value from the given ``dictionary`` based on the given ``key``.</doc>
<status status="PASS" start="2025-04-22T12:36:42.618767" elapsed="0.000000"/>
</kw>
<kw name="Set Suite Variable" owner="BuiltIn">
<msg time="2025-04-22T12:36:42.619767" level="INFO">${task_id} = 1</msg>
<arg>${task_id}</arg>
<arg>${task_id}</arg>
<doc>Makes a variable available everywhere within the scope of the current suite.</doc>
<status status="PASS" start="2025-04-22T12:36:42.618767" elapsed="0.001000"/>
</kw>
<tag>POST</tag>
<status status="PASS" start="2025-04-22T12:36:42.270759" elapsed="0.349008"/>
</test>
<test id="s1-t2" name="Concluir Tarefa" line="28">
<kw name="Create Session" owner="RequestsLibrary">
<msg time="2025-04-22T12:36:42.621753" level="INFO">Creating Session using : alias=todo, url=https://todo-fullstack-orju.onrender.com, headers={},                     cookies={}, auth=None, timeout=None, proxies=None, verify=False,                     debug=0 </msg>
<arg>todo</arg>
<arg>${BASE_URL}</arg>
<doc>Create Session: create a HTTP session to a server</doc>
<status status="PASS" start="2025-04-22T12:36:42.621753" elapsed="0.000000"/>
</kw>
<kw name="PATCH On Session" owner="RequestsLibrary">
<msg time="2025-04-22T12:36:42.923462" level="INFO">PATCH Request : url=https://todo-fullstack-orju.onrender.com/tasks/1/concluir 
 path_url=/tasks/1/concluir 
 headers={'User-Agent': 'python-requests/2.32.3', 'Accept-Encoding': 'gzip, deflate', 'Accept': '*/*', 'Connection': 'keep-alive', 'Content-Length': '0'} 
 body=None 
 </msg>
<msg time="2025-04-22T12:36:42.923462" level="INFO">PATCH Response : url=https://todo-fullstack-orju.onrender.com/tasks/1/concluir 
 status=200, reason=OK 
 headers={'Date': 'Tue, 22 Apr 2025 15:36:43 GMT', 'Content-Type': 'application/json', 'Transfer-Encoding': 'chunked', 'Connection': 'keep-alive', 'access-control-allow-origin': '*', 'rndr-id': '2c1fe783-7a7e-49f2', 'vary': 'Accept-Encoding', 'x-render-origin-server': 'Werkzeug/3.1.3 Python/3.11.11', 'cf-cache-status': 'DYNAMIC', 'Server': 'cloudflare', 'CF-RAY': '934632c3890309d5-SJK', 'Content-Encoding': 'gzip', 'alt-svc': 'h3=":443"; ma=86400'} 
 body={"concluida":true,"id":1,"nome":"Estudar Robot"}
 
 </msg>
<msg time="2025-04-22T12:36:42.923462" level="INFO">C:\Python312\Lib\site-packages\urllib3\connectionpool.py:1097: InsecureRequestWarning: Unverified HTTPS request is being made to host 'todo-fullstack-orju.onrender.com'. Adding certificate verification is strongly advised. See: https://urllib3.readthedocs.io/en/latest/advanced-usage.html#tls-warnings
  warnings.warn(</msg>
<msg time="2025-04-22T12:36:42.924439" level="INFO">${response} = &lt;Response [200]&gt;</msg>
<var>${response}</var>
<arg>todo</arg>
<arg>/tasks/${task_id}/concluir</arg>
<doc>Sends a PATCH request on a previously created HTTP Session.</doc>
<status status="PASS" start="2025-04-22T12:36:42.622768" elapsed="0.301671"/>
</kw>
<kw name="Log" owner="BuiltIn">
<msg time="2025-04-22T12:36:42.926459" level="INFO">{'concluida': True, 'id': 1, 'nome': 'Estudar Robot'}</msg>
<arg>${response.json()}</arg>
<doc>Logs the given message with the given level.</doc>
<status status="PASS" start="2025-04-22T12:36:42.925442" elapsed="0.001017"/>
</kw>
<kw name="Status Should Be" owner="RequestsLibrary">
<arg>200</arg>
<arg>${response}</arg>
<doc>Fails if response status code is different than the expected.</doc>
<status status="PASS" start="2025-04-22T12:36:42.927460" elapsed="0.000000"/>
</kw>
<kw name="Convert To Dictionary" owner="Collections">
<msg time="2025-04-22T12:36:42.929459" level="INFO">${task} = {'concluida': True, 'id': 1, 'nome': 'Estudar Robot'}</msg>
<var>${task}</var>
<arg>${response.json()}</arg>
<doc>Converts the given ``item`` to a Python ``dict`` type.</doc>
<status status="PASS" start="2025-04-22T12:36:42.928459" elapsed="0.001000"/>
</kw>
<kw name="Should Be Equal As Strings" owner="BuiltIn">
<msg time="2025-04-22T12:36:42.930459" level="INFO">Argument types are:
&lt;class 'bool'&gt;
&lt;class 'str'&gt;</msg>
<arg>${task['concluida']}</arg>
<arg>True</arg>
<doc>Fails if objects are unequal after converting them to strings.</doc>
<status status="PASS" start="2025-04-22T12:36:42.929459" elapsed="0.001000"/>
</kw>
<tag>PATCH</tag>
<status status="PASS" start="2025-04-22T12:36:42.620771" elapsed="0.310693"/>
</test>
<test id="s1-t3" name="Atualizar Tarefa" line="37">
<kw name="Create Session" owner="RequestsLibrary">
<msg time="2025-04-22T12:36:42.934437" level="INFO">Creating Session using : alias=todo, url=https://todo-fullstack-orju.onrender.com, headers={},                     cookies={}, auth=None, timeout=None, proxies=None, verify=False,                     debug=0 </msg>
<arg>todo</arg>
<arg>${BASE_URL}</arg>
<doc>Create Session: create a HTTP session to a server</doc>
<status status="PASS" start="2025-04-22T12:36:42.934437" elapsed="0.001006"/>
</kw>
<kw name="Create Dictionary" owner="BuiltIn">
<msg time="2025-04-22T12:36:42.936443" level="INFO">${novos_dados} = {'nome': 'Estudar Playwright'}</msg>
<var>${novos_dados}</var>
<arg>nome=Estudar Playwright</arg>
<doc>Creates and returns a dictionary based on the given ``items``.</doc>
<status status="PASS" start="2025-04-22T12:36:42.935443" elapsed="0.001000"/>
</kw>
<kw name="PUT On Session" owner="RequestsLibrary">
<msg time="2025-04-22T12:36:43.332937" level="INFO">PUT Request : url=https://todo-fullstack-orju.onrender.com/tasks/1 
 path_url=/tasks/1 
 headers={'User-Agent': 'python-requests/2.32.3', 'Accept-Encoding': 'gzip, deflate', 'Accept': '*/*', 'Connection': 'keep-alive', 'Content-Length': '30', 'Content-Type': 'application/json'} 
 body=b'{"nome": "Estudar Playwright"}' 
 </msg>
<msg time="2025-04-22T12:36:43.332937" level="INFO">PUT Response : url=https://todo-fullstack-orju.onrender.com/tasks/1 
 status=200, reason=OK 
 headers={'Date': 'Tue, 22 Apr 2025 15:36:43 GMT', 'Content-Type': 'application/json', 'Transfer-Encoding': 'chunked', 'Connection': 'keep-alive', 'access-control-allow-origin': '*', 'rndr-id': 'b597acef-fd59-4ee3', 'vary': 'Accept-Encoding', 'x-render-origin-server': 'Werkzeug/3.1.3 Python/3.11.11', 'cf-cache-status': 'DYNAMIC', 'Server': 'cloudflare', 'CF-RAY': '934632c5bb3009d3-SJK', 'Content-Encoding': 'gzip', 'alt-svc': 'h3=":443"; ma=86400'} 
 body={"concluida":true,"id":1,"nome":"Estudar Playwright"}
 
 </msg>
<msg time="2025-04-22T12:36:43.332937" level="INFO">C:\Python312\Lib\site-packages\urllib3\connectionpool.py:1097: InsecureRequestWarning: Unverified HTTPS request is being made to host 'todo-fullstack-orju.onrender.com'. Adding certificate verification is strongly advised. See: https://urllib3.readthedocs.io/en/latest/advanced-usage.html#tls-warnings
  warnings.warn(</msg>
<msg time="2025-04-22T12:36:43.333952" level="INFO">${response} = &lt;Response [200]&gt;</msg>
<var>${response}</var>
<arg>todo</arg>
<arg>/tasks/${task_id}</arg>
<arg>json=${novos_dados}</arg>
<doc>Sends a PUT request on a previously created HTTP Session.</doc>
<status status="PASS" start="2025-04-22T12:36:42.936443" elapsed="0.397509"/>
</kw>
<kw name="Log" owner="BuiltIn">
<msg time="2025-04-22T12:36:43.335937" level="INFO">{'concluida': True, 'id': 1, 'nome': 'Estudar Playwright'}</msg>
<arg>${response.json()}</arg>
<doc>Logs the given message with the given level.</doc>
<status status="PASS" start="2025-04-22T12:36:43.334880" elapsed="0.001057"/>
</kw>
<kw name="Status Should Be" owner="RequestsLibrary">
<arg>200</arg>
<arg>${response}</arg>
<doc>Fails if response status code is different than the expected.</doc>
<status status="PASS" start="2025-04-22T12:36:43.336943" elapsed="0.000966"/>
</kw>
<kw name="Convert To Dictionary" owner="Collections">
<msg time="2025-04-22T12:36:43.339569" level="INFO">${task} = {'concluida': True, 'id': 1, 'nome': 'Estudar Playwright'}</msg>
<var>${task}</var>
<arg>${response.json()}</arg>
<doc>Converts the given ``item`` to a Python ``dict`` type.</doc>
<status status="PASS" start="2025-04-22T12:36:43.338541" elapsed="0.001028"/>
</kw>
<kw name="Should Be Equal As Strings" owner="BuiltIn">
<arg>${task['nome']}</arg>
<arg>Estudar Playwright</arg>
<doc>Fails if objects are unequal after converting them to strings.</doc>
<status status="PASS" start="2025-04-22T12:36:43.340433" elapsed="0.001029"/>
</kw>
<tag>PUT</tag>
<status status="PASS" start="2025-04-22T12:36:42.933459" elapsed="0.409001"/>
</test>
<test id="s1-t4" name="Deletar Tarefa" line="47">
<kw name="Create Session" owner="RequestsLibrary">
<msg time="2025-04-22T12:36:43.345460" level="INFO">Creating Session using : alias=todo, url=https://todo-fullstack-orju.onrender.com, headers={},                     cookies={}, auth=None, timeout=None, proxies=None, verify=False,                     debug=0 </msg>
<arg>todo</arg>
<arg>${BASE_URL}</arg>
<doc>Create Session: create a HTTP session to a server</doc>
<status status="PASS" start="2025-04-22T12:36:43.344473" elapsed="0.000987"/>
</kw>
<kw name="DELETE On Session" owner="RequestsLibrary">
<msg time="2025-04-22T12:36:43.742264" level="INFO">DELETE Request : url=https://todo-fullstack-orju.onrender.com/tasks/1 
 path_url=/tasks/1 
 headers={'User-Agent': 'python-requests/2.32.3', 'Accept-Encoding': 'gzip, deflate', 'Accept': '*/*', 'Connection': 'keep-alive', 'Content-Length': '0'} 
 body=None 
 </msg>
<msg time="2025-04-22T12:36:43.743263" level="INFO">DELETE Response : url=https://todo-fullstack-orju.onrender.com/tasks/1 
 status=200, reason=OK 
 headers={'Date': 'Tue, 22 Apr 2025 15:36:43 GMT', 'Content-Type': 'application/json', 'Transfer-Encoding': 'chunked', 'Connection': 'keep-alive', 'access-control-allow-origin': '*', 'rndr-id': '38edbbe7-eaac-4fcd', 'vary': 'Accept-Encoding', 'x-render-origin-server': 'Werkzeug/3.1.3 Python/3.11.11', 'cf-cache-status': 'DYNAMIC', 'Server': 'cloudflare', 'CF-RAY': '934632c85dba09d7-SJK', 'Content-Encoding': 'gzip', 'alt-svc': 'h3=":443"; ma=86400'} 
 body={"mensagem":"Tarefa exclu\u00edda com sucesso"}
 
 </msg>
<msg time="2025-04-22T12:36:43.743263" level="INFO">C:\Python312\Lib\site-packages\urllib3\connectionpool.py:1097: InsecureRequestWarning: Unverified HTTPS request is being made to host 'todo-fullstack-orju.onrender.com'. Adding certificate verification is strongly advised. See: https://urllib3.readthedocs.io/en/latest/advanced-usage.html#tls-warnings
  warnings.warn(</msg>
<msg time="2025-04-22T12:36:43.744288" level="INFO">${response} = &lt;Response [200]&gt;</msg>
<var>${response}</var>
<arg>todo</arg>
<arg>/tasks/${task_id}</arg>
<doc>Sends a DELETE request on a previously created HTTP Session.</doc>
<status status="PASS" start="2025-04-22T12:36:43.346460" elapsed="0.397828"/>
</kw>
<kw name="Log" owner="BuiltIn">
<msg time="2025-04-22T12:36:43.747259" level="INFO">{'mensagem': 'Tarefa excluída com sucesso'}</msg>
<arg>${response.json()}</arg>
<doc>Logs the given message with the given level.</doc>
<status status="PASS" start="2025-04-22T12:36:43.745271" elapsed="0.001988"/>
</kw>
<kw name="Status Should Be" owner="RequestsLibrary">
<arg>200</arg>
<arg>${response}</arg>
<doc>Fails if response status code is different than the expected.</doc>
<status status="PASS" start="2025-04-22T12:36:43.748260" elapsed="0.001001"/>
</kw>
<kw name="Should Be Equal As Strings" owner="BuiltIn">
<arg>${response.json()}[mensagem]</arg>
<arg>Tarefa excluída com sucesso</arg>
<doc>Fails if objects are unequal after converting them to strings.</doc>
<status status="PASS" start="2025-04-22T12:36:43.749261" elapsed="0.002002"/>
</kw>
<tag>DELETE</tag>
<status status="PASS" start="2025-04-22T12:36:43.343490" elapsed="0.408770"/>
</test>
<status status="PASS" start="2025-04-22T12:36:41.015209" elapsed="2.740039"/>
</suite>
<statistics>
<total>
<stat pass="4" fail="0" skip="0">All Tests</stat>
</total>
<tag>
<stat pass="1" fail="0" skip="0">DELETE</stat>
<stat pass="1" fail="0" skip="0">PATCH</stat>
<stat pass="1" fail="0" skip="0">POST</stat>
<stat pass="1" fail="0" skip="0">PUT</stat>
</tag>
<suite>
<stat name="Api Tests" id="s1" pass="4" fail="0" skip="0">Api Tests</stat>
</suite>
</statistics>
<errors>
</errors>
</robot>
